[22:43:21] [main/INFO] (FabricLoader/GameProvider) Loading Minecraft 1.21.8 with Fabric Loader 0.16.14
[22:43:22] [main/INFO] (FabricLoader) Loading 49 mods:
	- fabric-api 0.130.0+1.21.8
	- fabric-api-base 0.4.64+9ec45cd82c
	- fabric-api-lookup-api-v1 1.6.100+946bf4c32c
	- fabric-biome-api-v1 16.0.11+946bf4c32c
	- fabric-block-api-v1 1.1.3+946bf4c32c
	- fabric-block-view-api-v2 1.0.31+946bf4c32c
	- fabric-client-gametest-api-v1 4.2.5+8a98c3fc2c
	- fabric-command-api-v2 2.3.0+52fff9ec2c
	- fabric-content-registries-v0 10.0.18+946bf4c32c
	- fabric-convention-tags-v1 2.1.40+7f945d5b2c
	- fabric-convention-tags-v2 2.15.5+eb5df52f2c
	- fabric-crash-report-info-v1 0.3.15+946bf4c32c
	- fabric-data-attachment-api-v1 1.8.10+946bf4c32c
	- fabric-data-generation-api-v1 23.2.5+9fc9c3b12c
	- fabric-dimensions-v1 4.0.19+946bf4c32c
	- fabric-entity-events-v1 2.1.1+c9e472732c
	- fabric-events-interaction-v0 4.0.23+946bf4c32c
	- fabric-game-rule-api-v1 1.0.73+c64c9c5b2c
	- fabric-gametest-api-v1 3.1.9+39ce47f52c
	- fabric-item-api-v1 11.4.3+946bf4c32c
	- fabric-item-group-api-v1 4.2.13+946bf4c32c
	- fabric-key-binding-api-v1 1.0.65+946bf4c32c
	- fabric-lifecycle-events-v1 2.6.3+db4dfd852c
	- fabric-loot-api-v2 3.0.55+3f89f5a52c
	- fabric-loot-api-v3 2.0.2+946bf4c32c
	- fabric-message-api-v1 6.1.1+946bf4c32c
	- fabric-model-loading-api-v1 5.2.5+946bf4c32c
	- fabric-networking-api-v1 5.0.1+946bf4c32c
	- fabric-object-builder-api-v1 21.1.7+946bf4c32c
	- fabric-particles-v1 4.1.7+946bf4c32c
	- fabric-recipe-api-v1 8.1.14+946bf4c32c
	- fabric-registry-sync-v0 6.1.27+946bf4c32c
	- fabric-renderer-api-v1 7.0.2+946bf4c32c
	- fabric-renderer-indigo 4.0.2+946bf4c32c
	- fabric-rendering-fluids-v1 3.1.30+fa6cb72b2c
	- fabric-rendering-v1 12.4.0+e8d43c762c
	- fabric-resource-conditions-api-v1 5.0.24+946bf4c32c
	- fabric-resource-loader-v0 3.1.11+946bf4c32c
	- fabric-screen-api-v1 2.1.0+277ecf7d2c
	- fabric-screen-handler-api-v1 1.3.136+946bf4c32c
	- fabric-sound-api-v1 1.0.42+946bf4c32c
	- fabric-tag-api-v1 1.2.1+946bf4c32c
	- fabric-transfer-api-v1 6.0.5+946bf4c32c
	- fabric-transitive-access-wideners-v1 6.4.1+ac3e15d12c
	- fabricloader 0.16.14
	- java 23
	- minecraft 1.21.8
	- mixinextras 0.4.1
	- tutorialmod 1.0.0
[22:43:22] [main/INFO] (FabricLoader/Mixin) SpongePowered MIXIN Subsystem Version=0.8.7 Source=file:/home/hubert/.gradle/caches/modules-2/files-2.1/net.fabricmc/sponge-mixin/0.15.5+mixin.0.8.7/22f9eb729e216a091673a574a5906dc1b9027fb3/sponge-mixin-0.15.5+mixin.0.8.7.jar Service=Knot/Fabric Env=CLIENT
[22:43:23] [main/INFO] (FabricLoader/Mixin) Loaded Fabric development mappings for mixin remapper!
[22:43:23] [main/INFO] (FabricLoader/Mixin) Compatibility level set to JAVA_21
[22:43:27] [main/INFO] (FabricLoader/MixinExtras|Service) Initializing MixinExtras via com.llamalad7.mixinextras.service.MixinExtrasServiceImpl(version=0.4.1).
[22:43:31] [Datafixer Bootstrap/INFO] (Minecraft) 269 Datafixer optimizations took 2361 milliseconds
[22:43:48] [Render thread/INFO] (Minecraft) Environment: Environment[sessionHost=https://sessionserver.mojang.com, servicesHost=https://api.minecraftservices.com, name=PROD]
[22:43:48] [Render thread/INFO] (Minecraft) Setting user: Player932
[22:43:49] [Render thread/INFO] (tutorialmod) Registering Mod Items fortutorialmod
[22:43:49] [Render thread/INFO] (Indigo) [Indigo] Registering Indigo renderer!
[22:43:50] [Render thread/INFO] (Minecraft) Backend library: LWJGL version 3.3.3-snapshot
[22:43:52] [Render thread/INFO] (Minecraft) Using optional rendering extensions: GL_ARB_buffer_storage, GL_KHR_debug, GL_ARB_vertex_attrib_binding, GL_ARB_direct_state_access
[22:43:54] [Render thread/INFO] (Minecraft) Reloading ResourceManager: vanilla, fabric, fabric-api, fabric-api-base, fabric-api-lookup-api-v1, fabric-biome-api-v1, fabric-block-api-v1, fabric-block-view-api-v2, fabric-client-gametest-api-v1, fabric-command-api-v2, fabric-content-registries-v0, fabric-convention-tags-v1, fabric-convention-tags-v2, fabric-crash-report-info-v1, fabric-data-attachment-api-v1, fabric-data-generation-api-v1, fabric-dimensions-v1, fabric-entity-events-v1, fabric-events-interaction-v0, fabric-game-rule-api-v1, fabric-gametest-api-v1, fabric-item-api-v1, fabric-item-group-api-v1, fabric-key-binding-api-v1, fabric-lifecycle-events-v1, fabric-loot-api-v2, fabric-loot-api-v3, fabric-message-api-v1, fabric-model-loading-api-v1, fabric-networking-api-v1, fabric-object-builder-api-v1, fabric-particles-v1, fabric-recipe-api-v1, fabric-registry-sync-v0, fabric-renderer-api-v1, fabric-renderer-indigo, fabric-rendering-fluids-v1, fabric-rendering-v1, fabric-resource-conditions-api-v1, fabric-resource-loader-v0, fabric-screen-api-v1, fabric-screen-handler-api-v1, fabric-sound-api-v1, fabric-tag-api-v1, fabric-transfer-api-v1, fabric-transitive-access-wideners-v1, fabricloader, tutorialmod
[22:43:54] [Worker-Main-2/INFO] (Minecraft) Found unifont_all_no_pua-16.0.03.hex, loading
[22:43:54] [Worker-Main-3/INFO] (Minecraft) Found unifont_pua-16.0.03.hex, loading
[22:43:55] [Worker-Main-2/INFO] (Minecraft) Found unifont_jp_patch-16.0.03.hex, loading
[22:44:01] [Render thread/INFO] (Minecraft) OpenAL initialized on device Built-in Audio Analog Stereo
[22:44:01] [Render thread/INFO] (Minecraft) Sound engine started
[22:44:02] [Render thread/INFO] (Minecraft) Created: 1024x512x4 minecraft:textures/atlas/blocks.png-atlas
[22:44:02] [Render thread/INFO] (Minecraft) Created: 256x256x4 minecraft:textures/atlas/signs.png-atlas
[22:44:02] [Render thread/INFO] (Minecraft) Created: 512x512x4 minecraft:textures/atlas/banner_patterns.png-atlas
[22:44:02] [Render thread/INFO] (Minecraft) Created: 512x512x4 minecraft:textures/atlas/shield_patterns.png-atlas
[22:44:02] [Render thread/INFO] (Minecraft) Created: 2048x1024x4 minecraft:textures/atlas/armor_trims.png-atlas
[22:44:02] [Render thread/INFO] (Minecraft) Created: 256x256x4 minecraft:textures/atlas/chest.png-atlas
[22:44:02] [Render thread/INFO] (Minecraft) Created: 128x64x4 minecraft:textures/atlas/decorated_pot.png-atlas
[22:44:02] [Render thread/INFO] (Minecraft) Created: 512x256x4 minecraft:textures/atlas/beds.png-atlas
[22:44:02] [Render thread/INFO] (Minecraft) Created: 512x256x4 minecraft:textures/atlas/shulker_boxes.png-atlas
[22:44:02] [Render thread/INFO] (Minecraft) Created: 64x64x0 minecraft:textures/atlas/map_decorations.png-atlas
[22:44:02] [Render thread/INFO] (Minecraft) Created: 512x256x0 minecraft:textures/atlas/particles.png-atlas
[22:44:02] [Render thread/INFO] (Minecraft) Created: 512x256x0 minecraft:textures/atlas/paintings.png-atlas
[22:44:02] [Render thread/INFO] (Minecraft) Created: 1024x512x0 minecraft:textures/atlas/gui.png-atlas
[22:44:16] [Render thread/INFO] (Minecraft) Resizing Dynamic Transforms UBO, capacity limit of 2 reached during a single frame. New capacity will be 4.
[22:44:21] [Render thread/INFO] (Minecraft) Loaded 1407 recipes
[22:44:21] [Render thread/INFO] (Minecraft) Loaded 1520 advancements
[22:44:22] [Render thread/INFO] (BiomeModificationImpl) Applied 0 biome modifications to 0 of 65 new biomes in 2.568 ms
[22:44:22] [Server thread/INFO] (Minecraft) Starting integrated minecraft server version 1.21.8
[22:44:22] [Server thread/INFO] (Minecraft) Generating keypair
[22:44:24] [Server thread/INFO] (Minecraft) Preparing start region for dimension minecraft:overworld
[22:44:32] [Render thread/INFO] (Minecraft) Preparing spawn area: 0%
[22:44:32] [Render thread/INFO] (Minecraft) Preparing spawn area: 0%
[22:44:32] [Render thread/INFO] (Minecraft) Preparing spawn area: 0%
[22:44:32] [Render thread/INFO] (Minecraft) Preparing spawn area: 0%
[22:44:32] [Render thread/INFO] (Minecraft) Preparing spawn area: 0%
[22:44:32] [Render thread/INFO] (Minecraft) Preparing spawn area: 0%
[22:44:32] [Render thread/INFO] (Minecraft) Preparing spawn area: 0%
[22:44:32] [Render thread/INFO] (Minecraft) Preparing spawn area: 0%
[22:44:32] [Render thread/INFO] (Minecraft) Preparing spawn area: 0%
[22:44:32] [Render thread/INFO] (Minecraft) Preparing spawn area: 0%
[22:44:32] [Render thread/INFO] (Minecraft) Preparing spawn area: 0%
[22:44:32] [Render thread/INFO] (Minecraft) Preparing spawn area: 0%
[22:44:32] [Render thread/INFO] (Minecraft) Preparing spawn area: 0%
[22:44:32] [Render thread/INFO] (Minecraft) Preparing spawn area: 0%
[22:44:32] [Render thread/INFO] (Minecraft) Preparing spawn area: 0%
[22:44:32] [Render thread/INFO] (Minecraft) Preparing spawn area: 0%
[22:44:32] [Render thread/INFO] (Minecraft) Preparing spawn area: 0%
[22:44:32] [Render thread/INFO] (Minecraft) Preparing spawn area: 0%
[22:44:33] [Render thread/INFO] (Minecraft) Time elapsed: 9184 ms
[22:44:33] [Server thread/INFO] (Minecraft) Changing view distance to 12, from 10
[22:44:33] [Server thread/INFO] (Minecraft) Changing simulation distance to 12, from 0
[22:44:37] [Server thread/INFO] (Minecraft) Player932[local:E:d13fe828] logged in with entity id 17 at (86.22242677642814, 72.0, 112.23871386795996)
[22:44:38] [Server thread/INFO] (Minecraft) Player932 joined the game
[22:44:38] [Render thread/INFO] (Minecraft) Loaded 2 advancements
[22:44:39] [Render thread/INFO] (Minecraft) Resizing Dynamic Transforms UBO, capacity limit of 4 reached during a single frame. New capacity will be 8.
[22:44:39] [Server thread/WARN] (Minecraft) Can't keep up! Is the server overloaded? Running 2003ms or 40 ticks behind
[22:44:41] [Render thread/INFO] (Minecraft) Resizing Dynamic Transforms UBO, capacity limit of 8 reached during a single frame. New capacity will be 16.
[22:44:41] [Render thread/INFO] (Minecraft) Resizing Dynamic Transforms UBO, capacity limit of 16 reached during a single frame. New capacity will be 32.
[22:44:42] [Render thread/INFO] (Minecraft) Resizing Dynamic Transforms UBO, capacity limit of 32 reached during a single frame. New capacity will be 64.
[22:44:43] [Render thread/INFO] (Minecraft) Resizing Dynamic Transforms UBO, capacity limit of 64 reached during a single frame. New capacity will be 128.
[22:44:44] [Render thread/INFO] (Minecraft) Resizing Dynamic Transforms UBO, capacity limit of 128 reached during a single frame. New capacity will be 256.
[22:44:47] [Render thread/INFO] (Minecraft) Resizing Dynamic Transforms UBO, capacity limit of 256 reached during a single frame. New capacity will be 512.
[22:44:52] [Render thread/INFO] (Minecraft) Resizing Dynamic Transforms UBO, capacity limit of 512 reached during a single frame. New capacity will be 1024.
[22:45:12] [Server thread/WARN] (Minecraft) Can't keep up! Is the server overloaded? Running 17633ms or 352 ticks behind
[22:45:35] [Server thread/WARN] (Minecraft) Can't keep up! Is the server overloaded? Running 8176ms or 163 ticks behind
[22:45:41] [Server thread/INFO] (Minecraft) Saving and pausing game...
[22:45:41] [Server thread/INFO] (Minecraft) Saving chunks for level 'ServerLevel[New World]'/minecraft:overworld
[22:45:42] [Server thread/INFO] (Minecraft) Saving chunks for level 'ServerLevel[New World]'/minecraft:the_nether
[22:45:42] [Server thread/INFO] (Minecraft) Saving chunks for level 'ServerLevel[New World]'/minecraft:the_end
[22:45:53] [Server thread/WARN] (Minecraft) Can't keep up! Is the server overloaded? Running 2436ms or 48 ticks behind
[22:46:02] [Render thread/INFO] (Minecraft) Resizing Dynamic Transforms UBO, capacity limit of 1024 reached during a single frame. New capacity will be 2048.
[22:46:10] [Server thread/WARN] (Minecraft) Can't keep up! Is the server overloaded? Running 2410ms or 48 ticks behind
[22:46:16] [Server thread/INFO] (Minecraft) Saving and pausing game...
[22:46:16] [Server thread/INFO] (Minecraft) Saving chunks for level 'ServerLevel[New World]'/minecraft:overworld
[22:46:16] [Server thread/INFO] (Minecraft) Saving chunks for level 'ServerLevel[New World]'/minecraft:the_nether
[22:46:16] [Server thread/INFO] (Minecraft) Saving chunks for level 'ServerLevel[New World]'/minecraft:the_end
[22:46:18] [Server thread/INFO] (Minecraft) Player932 lost connection: Disconnected
[22:46:18] [Server thread/INFO] (Minecraft) Player932 left the game
[22:46:18] [Server thread/INFO] (Minecraft) Stopping singleplayer server as player logged out
[22:46:18] [Server thread/INFO] (Minecraft) Stopping server
[22:46:18] [Server thread/INFO] (Minecraft) Saving players
[22:46:18] [Server thread/INFO] (Minecraft) Saving worlds
[22:46:20] [Server thread/INFO] (Minecraft) Saving chunks for level 'ServerLevel[New World]'/minecraft:overworld
[22:46:24] [Server thread/INFO] (Minecraft) Saving chunks for level 'ServerLevel[New World]'/minecraft:the_nether
[22:46:24] [Server thread/INFO] (Minecraft) Saving chunks for level 'ServerLevel[New World]'/minecraft:the_end
[22:46:24] [Server thread/INFO] (Minecraft) ThreadedAnvilChunkStorage (New World): All chunks are saved
[22:46:24] [Server thread/INFO] (Minecraft) ThreadedAnvilChunkStorage (DIM-1): All chunks are saved
[22:46:24] [Server thread/INFO] (Minecraft) ThreadedAnvilChunkStorage (DIM1): All chunks are saved
[22:46:24] [Server thread/INFO] (Minecraft) ThreadedAnvilChunkStorage: All dimensions are saved
